Nov 03, 2023 5:03:50 PM secondWeek.RealEstate logInfo
INFO: Logger initialized
Nov 03, 2023 5:03:50 PM secondWeek.RealEstate totalPrice
INFO: Calling totalPrice() method

Nov 03, 2023 5:03:50 PM secondWeek.RealEstate totalPrice
INFO: Calling totalPrice() method

Nov 03, 2023 5:03:50 PM secondWeek.RealEstate totalPrice
INFO: Calling totalPrice() method

Nov 03, 2023 5:03:50 PM secondWeek.RealEstate totalPrice
INFO: Calling totalPrice() method

Nov 03, 2023 5:03:50 PM secondWeek.RealEstate totalPrice
INFO: Calling totalPrice() method

Nov 03, 2023 5:03:50 PM secondWeek.RealEstate totalPrice
INFO: Calling totalPrice() method

Nov 03, 2023 5:03:50 PM secondWeek.RealEstate totalPrice
INFO: Calling totalPrice() method

Nov 03, 2023 5:03:50 PM secondWeek.RealEstate totalPrice
INFO: Calling totalPrice() method

Nov 03, 2023 5:03:50 PM secondWeek.RealEstate totalPrice
INFO: Calling totalPrice() method

Nov 03, 2023 5:03:50 PM secondWeek.RealEstate totalPrice
INFO: Calling totalPrice() method

Nov 03, 2023 5:03:50 PM secondWeek.RealEstate totalPrice
INFO: Calling totalPrice() method

Nov 03, 2023 5:03:50 PM secondWeek.RealEstate totalPrice
INFO: Calling totalPrice() method

Nov 03, 2023 5:03:50 PM secondWeek.RealEstate totalPrice
INFO: Calling totalPrice() method

Nov 03, 2023 5:03:51 PM secondWeek.RealEstate totalPrice
INFO: Calling totalPrice() method

Nov 03, 2023 5:03:51 PM secondWeek.RealEstate totalPrice
INFO: Calling totalPrice() method

Nov 03, 2023 5:03:51 PM secondWeek.RealEstate totalPrice
INFO: Calling totalPrice() method

Nov 03, 2023 5:03:51 PM secondWeek.RealEstate totalPrice
INFO: Calling totalPrice() method

Nov 03, 2023 5:03:51 PM secondWeek.RealEstate totalPrice
INFO: Calling totalPrice() method

Nov 03, 2023 5:03:51 PM secondWeek.RealEstate totalPrice
INFO: Calling totalPrice() method

Nov 03, 2023 5:03:51 PM secondWeek.RealEstate totalPrice
INFO: Calling totalPrice() method

Nov 03, 2023 5:03:51 PM secondWeek.RealEstate totalPrice
INFO: Calling totalPrice() method

Nov 03, 2023 5:03:51 PM secondWeek.RealEstate totalPrice
INFO: Calling totalPrice() method

Nov 03, 2023 5:03:51 PM secondWeek.RealEstate totalPrice
INFO: Calling totalPrice() method

Nov 03, 2023 5:03:51 PM secondWeek.RealEstate totalPrice
INFO: Calling totalPrice() method

Nov 03, 2023 5:03:51 PM secondWeek.RealEstate totalPrice
INFO: Calling totalPrice() method

Nov 03, 2023 5:03:51 PM secondWeek.RealEstate totalPrice
INFO: Calling totalPrice() method

Nov 03, 2023 5:03:51 PM secondWeek.RealEstate totalPrice
INFO: Calling totalPrice() method

Nov 03, 2023 5:03:51 PM secondWeek.RealEstate totalPrice
INFO: Calling totalPrice() method

Nov 03, 2023 5:03:51 PM secondWeek.RealEstate average
INFO: Calling average() method

Nov 03, 2023 5:03:51 PM secondWeek.RealEstate toString
INFO: Calling toString() method"
Nov 03, 2023 5:03:51 PM secondWeek.RealEstate totalPrice
INFO: Calling totalPrice() method

Nov 03, 2023 5:03:51 PM secondWeek.RealEstate average
INFO: Calling average() method

Nov 03, 2023 5:03:51 PM secondWeek.RealEstate toString
INFO: Calling toString() method"
Nov 03, 2023 5:03:51 PM secondWeek.RealEstate totalPrice
INFO: Calling totalPrice() method

Nov 03, 2023 5:03:51 PM secondWeek.RealEstate average
INFO: Calling average() method

Nov 03, 2023 5:03:51 PM secondWeek.RealEstate average
INFO: Calling average() method

Nov 03, 2023 5:03:51 PM secondWeek.RealEstate average
INFO: Calling average() method

Nov 03, 2023 5:03:51 PM secondWeek.RealEstate average
INFO: Calling average() method

Nov 03, 2023 5:03:51 PM secondWeek.RealEstate toString
INFO: Calling toString() method"
Nov 03, 2023 5:03:51 PM secondWeek.RealEstate totalPrice
INFO: Calling totalPrice() method

Nov 03, 2023 5:03:51 PM secondWeek.RealEstate average
INFO: Calling average() method

Nov 03, 2023 5:03:51 PM secondWeek.RealEstate toString
INFO: Calling toString() method"
Nov 03, 2023 5:03:51 PM secondWeek.RealEstate totalPrice
INFO: Calling totalPrice() method

Nov 03, 2023 5:03:51 PM secondWeek.RealEstate average
INFO: Calling average() method

Nov 03, 2023 5:03:51 PM secondWeek.RealEstate toString
INFO: Calling toString() method"
Nov 03, 2023 5:03:51 PM secondWeek.RealEstate totalPrice
INFO: Calling totalPrice() method

Nov 03, 2023 5:03:51 PM secondWeek.RealEstate average
INFO: Calling average() method

Nov 03, 2023 5:03:51 PM secondWeek.RealEstate average
INFO: Calling average() method

Nov 03, 2023 5:03:51 PM secondWeek.RealEstate totalPrice
INFO: Calling totalPrice() method

Nov 03, 2023 5:03:51 PM secondWeek.RealEstate totalPrice
INFO: Calling totalPrice() method

Nov 03, 2023 5:03:51 PM secondWeek.RealEstate totalPrice
INFO: Calling totalPrice() method

Nov 03, 2023 5:03:51 PM secondWeek.RealEstate totalPrice
INFO: Calling totalPrice() method

Nov 03, 2023 5:03:51 PM secondWeek.RealEstate totalPrice
INFO: Calling totalPrice() method

Nov 03, 2023 5:03:51 PM secondWeek.RealEstate totalPrice
INFO: Calling totalPrice() method

Nov 03, 2023 5:03:51 PM secondWeek.RealEstate totalPrice
INFO: Calling totalPrice() method

Nov 03, 2023 5:03:51 PM secondWeek.RealEstate totalPrice
INFO: Calling totalPrice() method

Nov 03, 2023 5:03:51 PM secondWeek.RealEstate totalPrice
INFO: Calling totalPrice() method

Nov 03, 2023 5:03:51 PM secondWeek.RealEstate totalPrice
INFO: Calling totalPrice() method

Nov 03, 2023 5:03:51 PM secondWeek.RealEstate totalPrice
INFO: Calling totalPrice() method

Nov 03, 2023 5:03:51 PM secondWeek.RealEstate totalPrice
INFO: Calling totalPrice() method

Nov 03, 2023 5:03:51 PM secondWeek.RealEstate totalPrice
INFO: Calling totalPrice() method

Nov 03, 2023 5:03:51 PM secondWeek.RealEstate totalPrice
INFO: Calling totalPrice() method

Nov 03, 2023 5:03:51 PM secondWeek.RealEstate totalPrice
INFO: Calling totalPrice() method

Nov 03, 2023 5:03:51 PM secondWeek.RealEstate totalPrice
INFO: Calling totalPrice() method

Nov 03, 2023 5:03:51 PM secondWeek.RealEstate totalPrice
INFO: Calling totalPrice() method

Nov 03, 2023 5:03:51 PM secondWeek.RealEstate average
INFO: Calling average() method

Nov 03, 2023 5:03:51 PM secondWeek.RealEstate toString
INFO: Calling toString() method"
Nov 03, 2023 5:03:51 PM secondWeek.RealEstate totalPrice
INFO: Calling totalPrice() method

Nov 03, 2023 5:03:51 PM secondWeek.RealEstate average
INFO: Calling average() method

Nov 03, 2023 5:03:51 PM secondWeek.RealEstate toString
INFO: Calling toString() method"
Nov 03, 2023 5:03:51 PM secondWeek.RealEstate totalPrice
INFO: Calling totalPrice() method

Nov 03, 2023 5:03:51 PM secondWeek.RealEstate average
INFO: Calling average() method

Nov 03, 2023 5:03:51 PM secondWeek.RealEstate average
INFO: Calling average() method

Nov 03, 2023 5:03:51 PM secondWeek.RealEstate average
INFO: Calling average() method

Nov 03, 2023 5:03:51 PM secondWeek.RealEstate average
INFO: Calling average() method

